<?xml version="1.0" encoding="UTF-8"?>
<testsuite xmlns:xsi="http://www.w3.org/2001/XMLSchema-instance" xsi:noNamespaceSchemaLocation="https://maven.apache.org/surefire/maven-surefire-plugin/xsd/surefire-test-report.xsd" version="3.0.2" name="invoice.Invoices.resources.InvoiceServiceImplementationTest" time="1.644" tests="4" errors="0" skipped="0" failures="0">
  <properties>
[...]
</properties>
  <testcase name="updateAmount" classname="invoice.Invoices.resources.InvoiceServiceImplementationTest" time="0.221">
    <system-out><![CDATA[17:03:38.265 [main] DEBUG org.dalesbred.dialect.Dialect -- Automatically detected dialect PostgreSQL.
17:03:38.341 [main] DEBUG org.dalesbred.Database -- executing query CREATE TABLE IF NOT EXISTS INVOICE (
	id int GENERATED ALWAYS AS IDENTITY,
	amount DOUBLE PRECISION,
	paid_amount DOUBLE PRECISION,
	due_date DATE,
	status varchar(15)
);
 []
17:03:38.355 [main] DEBUG org.dalesbred.Database -- executed query in 7 ms: CREATE TABLE IF NOT EXISTS INVOICE (
	id int GENERATED ALWAYS AS IDENTITY,
	amount DOUBLE PRECISION,
	paid_amount DOUBLE PRECISION,
	due_date DATE,
	status varchar(15)
);
 []
17:03:38.419 [main] DEBUG org.dalesbred.Database -- executing query INSERT INTO INVOICE(amount,paid_amount,due_date,status) VALUES (?,?,?,?) returning id [450.0, 0, 2024-11-19, PENDING]
17:03:38.442 [main] DEBUG org.dalesbred.Database -- executed query in 15 ms: INSERT INTO INVOICE(amount,paid_amount,due_date,status) VALUES (?,?,?,?) returning id [450.0, 0, 2024-11-19, PENDING]
17:03:38.531 [main] DEBUG org.dalesbred.Database -- executing query SELECT * from INVOICE WHERE id = ? [1]
17:03:38.532 [main] DEBUG org.dalesbred.Database -- executed query in 1 ms: SELECT * from INVOICE WHERE id = ? [1]
17:03:38.623 [main] DEBUG org.dalesbred.Database -- executing query UPDATE INVOICE SET paid_amount = ?, amount = ?, status = ? WHERE id = ? [100.0, 350.0, PENDING, 1]
17:03:38.624 [main] DEBUG org.dalesbred.Database -- executed query in 1 ms: UPDATE INVOICE SET paid_amount = ?, amount = ?, status = ? WHERE id = ? [100.0, 350.0, PENDING, 1]
]]></system-out>
  </testcase>
  <testcase name="addInvoice" classname="invoice.Invoices.resources.InvoiceServiceImplementationTest" time="0.069">
    <system-out><![CDATA[17:03:38.743 [main] DEBUG org.dalesbred.Database -- executing query INSERT INTO INVOICE(amount,paid_amount,due_date,status) VALUES (?,?,?,?) returning id [450.0, 0, 2024-11-19, PENDING]
17:03:38.745 [main] DEBUG org.dalesbred.Database -- executed query in 1 ms: INSERT INTO INVOICE(amount,paid_amount,due_date,status) VALUES (?,?,?,?) returning id [450.0, 0, 2024-11-19, PENDING]
]]></system-out>
  </testcase>
  <testcase name="getAllInvoices" classname="invoice.Invoices.resources.InvoiceServiceImplementationTest" time="0.237">
    <system-out><![CDATA[17:03:38.902 [main] DEBUG org.dalesbred.Database -- executing query INSERT INTO INVOICE(amount,paid_amount,due_date,status) VALUES (?,?,?,?) returning id [450.0, 0, 2024-11-19, PENDING]
17:03:38.903 [main] DEBUG org.dalesbred.Database -- executed query in 1 ms: INSERT INTO INVOICE(amount,paid_amount,due_date,status) VALUES (?,?,?,?) returning id [450.0, 0, 2024-11-19, PENDING]
17:03:38.982 [main] DEBUG org.dalesbred.Database -- executing query SELECT * FROM INVOICE []
17:03:38.983 [main] DEBUG org.dalesbred.Database -- executed query in 1 ms: SELECT * FROM INVOICE []
]]></system-out>
  </testcase>
  <testcase name="Overdue" classname="invoice.Invoices.resources.InvoiceServiceImplementationTest" time="0.508">
    <system-out><![CDATA[overdue
17:03:39.095 [main] DEBUG org.dalesbred.Database -- executing query TRUNCATE TABLE invoice RESTART IDENTITY []
17:03:39.097 [main] DEBUG org.dalesbred.Database -- executed query in 2 ms: TRUNCATE TABLE invoice RESTART IDENTITY []
17:03:39.207 [main] DEBUG org.dalesbred.Database -- executing query INSERT INTO INVOICE(amount,paid_amount,due_date,status) VALUES (?,?,?,?) returning id [450.0, 0, 2024-11-19, PENDING]
17:03:39.208 [main] DEBUG org.dalesbred.Database -- executed query in 1 ms: INSERT INTO INVOICE(amount,paid_amount,due_date,status) VALUES (?,?,?,?) returning id [450.0, 0, 2024-11-19, PENDING]
17:03:39.273 [main] DEBUG org.dalesbred.Database -- executing query SELECT * FROM INVOICE WHERE status = 'PENDING' []
17:03:39.277 [main] DEBUG org.dalesbred.Database -- executed query in 2 ms: SELECT * FROM INVOICE WHERE status = 'PENDING' []
17:03:39.385 [main] DEBUG org.dalesbred.Database -- executing query UPDATE INVOICE SET status = ? where id = ? [VOID, 1]
17:03:39.386 [main] DEBUG org.dalesbred.Database -- executed query in 1 ms: UPDATE INVOICE SET status = ? where id = ? [VOID, 1]
17:03:39.489 [main] DEBUG org.dalesbred.Database -- executing query INSERT INTO INVOICE(amount,paid_amount,due_date,status) VALUES (?,?,?,?) returning id [550.0, 0, 2024-11-29, PENDING]
17:03:39.490 [main] DEBUG org.dalesbred.Database -- executed query in 1 ms: INSERT INTO INVOICE(amount,paid_amount,due_date,status) VALUES (?,?,?,?) returning id [550.0, 0, 2024-11-29, PENDING]
1
]]></system-out>
  </testcase>
</testsuite>